Arguments: 
  /usr/local/bin/node /Users/ianwei/.yarn/bin/yarn.js add -D commitizen cz-conventioinal-changelog

PATH: 
  /Users/ianwei/.yarn/bin:/Users/ianwei/.config/yarn/global/node_modules/.bin:/Users/ianwei/opt/anaconda3/bin:/Users/ianwei/opt/anaconda3/condabin:/Library/Frameworks/Python.framework/Versions/3.7/bin:/usr/local/bin:/usr/bin:/bin:/usr/sbin:/sbin:/usr/local/share/dotnet:~/.dotnet/tools:/Library/Apple/usr/bin

Yarn version: 
  1.22.4

Node version: 
  14.17.0

Platform: 
  darwin x64

Trace: 
  Error: https://registry.npmjs.org/cz-conventioinal-changelog: Not found
      at Request.params.callback [as _callback] (/Users/ianwei/.yarn/lib/cli.js:66987:18)
      at Request.self.callback (/Users/ianwei/.yarn/lib/cli.js:140748:22)
      at Request.emit (events.js:376:20)
      at Request.<anonymous> (/Users/ianwei/.yarn/lib/cli.js:141720:10)
      at Request.emit (events.js:376:20)
      at IncomingMessage.<anonymous> (/Users/ianwei/.yarn/lib/cli.js:141642:12)
      at Object.onceWrapper (events.js:482:28)
      at IncomingMessage.emit (events.js:388:22)
      at endReadableNT (internal/streams/readable.js:1336:12)
      at processTicksAndRejections (internal/process/task_queues.js:82:21)

npm manifest: 
  {
    "name": "test-react",
    "version": "1.0.0",
    "main": "index.js",
    "license": "MIT",
    "scripts": {
      "format": "prettier --write */**/*.{tsx,ts}"
    },
    "devDependencies": {
      "husky": "^7.0.0",
      "prettier": "^2.3.2"
  
    }
  }

yarn manifest: 
  No manifest

Lockfile: 
  # THIS IS AN AUTOGENERATED FILE. DO NOT EDIT THIS FILE DIRECTLY.
  # yarn lockfile v1
  
  
  husky@^7.0.0:
    version "7.0.0"
    resolved "https://registry.npmjs.org/husky/-/husky-7.0.0.tgz#3dbd5d28e76234689ee29bb41e048f28e3e46616"
    integrity sha512-xK7lO0EtSzfFPiw+oQncQVy/XqV7UVVjxBByc+Iv5iK3yhW9boDoWgvZy3OGo48QKg/hUtZkzz0hi2HXa0kn7w==
  
  prettier@^2.3.2:
    version "2.3.2"
    resolved "https://registry.npmjs.org/prettier/-/prettier-2.3.2.tgz#ef280a05ec253712e486233db5c6f23441e7342d"
    integrity sha512-lnJzDfJ66zkMy58OL5/NY5zp70S7Nz6KqcKkXYzn2tMVrNxvbqaBpg7H3qHaLxCJ5lNMsGuM8+ohS7cZrthdLQ==
